<?xml version="1.0" encoding="UTF-8"?>
<testsuite name="com.studentapp.cucumber.StudentRunner" time="3.207" tests="12" errors="0" skipped="0" failures="0">
  <properties>
[...]
</properties>
  <testcase name="When User sends a GET request to list endpoints" classname="Scenario: Verify user should able to access student application" time="0.005"/>
  <testcase name="Then User must get response back with valid status code 200" classname="Scenario: Verify user should able to access student application" time="0.001"/>
  <testcase name="Scenario: Verify user should able to access student application" classname="Scenario: Verify user should able to access student application" time="2.635"/>
  <testcase name="When I create a new student by providing the information firstName &quot;Harry&quot; lastName &quot;Potter&quot; email &quot;harry@gmail.com&quot; programme &quot;Computer Science&quot; courses &quot;JAVA&quot;" classname="| Harry | Potter | harry@gmail.com | Computer Science | JAVA |" time="0"/>
  <testcase name="Then I verify that the student with &quot;harry@gmail.com&quot; is created" classname="| Harry | Potter | harry@gmail.com | Computer Science | JAVA |" time="0"/>
  <testcase name="| Harry | Potter | harry@gmail.com | Computer Science | JAVA |" classname="| Harry | Potter | harry@gmail.com | Computer Science | JAVA |" time="0.18"/>
  <testcase name="When I update student information firstName &quot;Henry&quot; lastName &quot;Potter&quot; email &quot;harry@gmail.com&quot; programme &quot;Software Testing&quot; courses &quot;Selenium&quot;" classname="| Henry | Potter | harry@gmail.com | Software Testing | Selenium |" time="0.001"/>
  <testcase name="Then I verify that student information is updated with name &quot;Henry&quot; and &quot;Selenium&quot;" classname="| Henry | Potter | harry@gmail.com | Software Testing | Selenium |" time="0"/>
  <testcase name="| Henry | Potter | harry@gmail.com | Software Testing | Selenium |" classname="| Henry | Potter | harry@gmail.com | Software Testing | Selenium |" time="0.244"/>
  <testcase name="When I delete single student data" classname="Scenario: Delete the single student data and verify its delete from database" time="0"/>
  <testcase name="Then I verify that same student data was deleted by getting data by studentId" classname="Scenario: Delete the single student data and verify its delete from database" time="0"/>
  <testcase name="Scenario: Delete the single student data and verify its delete from database" classname="Scenario: Delete the single student data and verify its delete from database" time="0.141"/>
</testsuite>